{
  "RSpec": {
    "coverage": {
      "/Users/ollie/Projects/GitHub/bank-tech-test/spec/account_spec.rb": [
        1,
        null,
        1,
        1,
        1,
        1,
        null,
        null,
        1,
        1,
        1,
        1,
        null,
        null,
        1,
        1,
        1,
        1,
        1,
        null,
        null,
        null
      ],
      "/Users/ollie/Projects/GitHub/bank-tech-test/lib/account.rb": [
        1,
        1,
        null,
        1,
        3,
        3,
        null,
        null,
        1,
        2,
        null,
        null,
        1,
        1,
        null,
        null
      ],
      "/Users/ollie/Projects/GitHub/bank-tech-test/spec/transaction_history_spec.rb": [
        1,
        null,
        1,
        1,
        1,
        1,
        1,
        1,
        null,
        null,
        null
      ],
      "/Users/ollie/Projects/GitHub/bank-tech-test/lib/transaction_history.rb": [
        1,
        1,
        null,
        1,
        4,
        null,
        null,
        1,
        1,
        null,
        null,
        null,
        null
      ]
    },
    "timestamp": 1541432956
  }
}
